2017-06-02 11:33:21,277 DEBUG [main] [SettingsServiceImpl.java:133] Configuring object org.n52.iceland.util.http.HttpUtils@2dcbf825
2017-06-02 11:33:21,284 DEBUG [main] [SettingsServiceImpl.java:156] Configuring ConfigurableObject[key=statistics.counting-outputstream, method=public void org.n52.iceland.util.http.HttpUtils.setIsCountingOutputStream(java.lang.Boolean), target=org.n52.iceland.util.http.HttpUtils@2dcbf825]
2017-06-02 11:33:21,288 DEBUG [main] [SettingsServiceImpl.java:519] Setting value 'false' for ConfigurableObject[key=statistics.counting-outputstream, method=public void org.n52.iceland.util.http.HttpUtils.setIsCountingOutputStream(java.lang.Boolean), target=org.n52.iceland.util.http.HttpUtils@2dcbf825]
2017-06-02 11:33:21,289 DEBUG [main] [SettingsServiceImpl.java:133] Configuring object org.n52.iceland.util.http.HttpUtils@2dcbf825
2017-06-02 11:33:21,289 DEBUG [main] [SettingsServiceImpl.java:156] Configuring ConfigurableObject[key=statistics.counting-outputstream, method=public void org.n52.iceland.util.http.HttpUtils.setIsCountingOutputStream(java.lang.Boolean), target=org.n52.iceland.util.http.HttpUtils@2dcbf825]
2017-06-02 11:33:21,290 DEBUG [main] [SettingsServiceImpl.java:519] Setting value 'false' for ConfigurableObject[key=statistics.counting-outputstream, method=public void org.n52.iceland.util.http.HttpUtils.setIsCountingOutputStream(java.lang.Boolean), target=org.n52.iceland.util.http.HttpUtils@2dcbf825]
2017-06-02 11:33:21,445 DEBUG [main] [SettingsServiceImpl.java:133] Configuring object org.n52.iceland.util.http.HttpUtils@483ed60e
2017-06-02 11:33:21,445 DEBUG [main] [SettingsServiceImpl.java:156] Configuring ConfigurableObject[key=statistics.counting-outputstream, method=public void org.n52.iceland.util.http.HttpUtils.setIsCountingOutputStream(java.lang.Boolean), target=org.n52.iceland.util.http.HttpUtils@483ed60e]
2017-06-02 11:33:21,446 DEBUG [main] [SettingsServiceImpl.java:519] Setting value 'false' for ConfigurableObject[key=statistics.counting-outputstream, method=public void org.n52.iceland.util.http.HttpUtils.setIsCountingOutputStream(java.lang.Boolean), target=org.n52.iceland.util.http.HttpUtils@483ed60e]
2017-06-02 11:33:21,446 DEBUG [main] [SettingsServiceImpl.java:133] Configuring object org.n52.iceland.util.http.HttpUtils@483ed60e
2017-06-02 11:33:21,447 DEBUG [main] [SettingsServiceImpl.java:156] Configuring ConfigurableObject[key=statistics.counting-outputstream, method=public void org.n52.iceland.util.http.HttpUtils.setIsCountingOutputStream(java.lang.Boolean), target=org.n52.iceland.util.http.HttpUtils@483ed60e]
2017-06-02 11:33:21,447 DEBUG [main] [SettingsServiceImpl.java:519] Setting value 'false' for ConfigurableObject[key=statistics.counting-outputstream, method=public void org.n52.iceland.util.http.HttpUtils.setIsCountingOutputStream(java.lang.Boolean), target=org.n52.iceland.util.http.HttpUtils@483ed60e]
2017-06-02 11:33:21,486 INFO  [main] [AbstractRequestOperator.java:147] SosGetCapabilitiesOperatorV20 initialized successfully!
2017-06-02 11:33:21,504 WARN  [main] [ProfileHandlerImpl.java:91] Profile with the identifier SOS_20_PROFILE still exist! Existing profile is overwritten!
2017-06-02 11:33:21,522 WARN  [main] [ProfileHandlerImpl.java:91] Profile with the identifier SOS_20_PROFILE still exist! Existing profile is overwritten!
2017-06-02 11:33:21,523 WARN  [main] [ProfileHandlerImpl.java:91] Profile with the identifier SOS_20_PROFILE still exist! Existing profile is overwritten!
2017-06-02 11:33:21,524 WARN  [main] [ProfileHandlerImpl.java:91] Profile with the identifier SOS_20_PROFILE still exist! Existing profile is overwritten!
2017-06-02 11:33:21,525 WARN  [main] [ProfileHandlerImpl.java:91] Profile with the identifier SOS_20_PROFILE still exist! Existing profile is overwritten!
2017-06-02 11:33:21,580 DEBUG [main] [SettingsServiceImpl.java:133] Configuring object org.n52.iceland.cache.ctrl.persistence.AsyncCachePersistenceStrategy@2fc0ad21
2017-06-02 11:33:21,581 DEBUG [main] [SettingsServiceImpl.java:156] Configuring ConfigurableObject[key=service.cachePersistenceDelay, method=public void org.n52.iceland.cache.ctrl.persistence.AsyncCachePersistenceStrategy.setDelay(int), target=org.n52.iceland.cache.ctrl.persistence.AsyncCachePersistenceStrategy@2fc0ad21]
2017-06-02 11:33:21,582 DEBUG [main] [SettingsServiceImpl.java:519] Setting value '30' for ConfigurableObject[key=service.cachePersistenceDelay, method=public void org.n52.iceland.cache.ctrl.persistence.AsyncCachePersistenceStrategy.setDelay(int), target=org.n52.iceland.cache.ctrl.persistence.AsyncCachePersistenceStrategy@2fc0ad21]
2017-06-02 11:33:21,582 DEBUG [main] [SettingsServiceImpl.java:133] Configuring object org.n52.iceland.cache.ctrl.persistence.AsyncCachePersistenceStrategy@2fc0ad21
2017-06-02 11:33:21,583 DEBUG [main] [SettingsServiceImpl.java:156] Configuring ConfigurableObject[key=service.cachePersistenceDelay, method=public void org.n52.iceland.cache.ctrl.persistence.AsyncCachePersistenceStrategy.setDelay(int), target=org.n52.iceland.cache.ctrl.persistence.AsyncCachePersistenceStrategy@2fc0ad21]
2017-06-02 11:33:21,584 DEBUG [main] [SettingsServiceImpl.java:519] Setting value '30' for ConfigurableObject[key=service.cachePersistenceDelay, method=public void org.n52.iceland.cache.ctrl.persistence.AsyncCachePersistenceStrategy.setDelay(int), target=org.n52.iceland.cache.ctrl.persistence.AsyncCachePersistenceStrategy@2fc0ad21]
2017-06-02 11:33:21,766 INFO  [main] [JavaReflectionManager.java:66] HCANN000001: Hibernate Commons Annotations {4.0.5.Final}
2017-06-02 11:33:21,781 INFO  [main] [Version.java:54] HHH000412: Hibernate Core {4.3.11.Final}
2017-06-02 11:33:21,786 INFO  [main] [Environment.java:239] HHH000206: hibernate.properties not found
2017-06-02 11:33:21,789 INFO  [main] [Environment.java:346] HHH000021: Bytecode provider name : javassist
2017-06-02 11:33:21,825 INFO  [main] [Configuration.java:2111] HHH000044: Configuring from URL: file:/home/autermann/Source/awi-nearrealtime/target/classes/hibernate.cfg.xml
2017-06-02 11:33:21,865 WARN  [main] [DTDEntityResolver.java:75] HHH000223: Recognized obsolete hibernate namespace http://hibernate.sourceforge.net/. Use namespace http://www.hibernate.org/dtd/ instead. Refer to Hibernate 3.6 Migration Guide!
2017-06-02 11:33:21,896 INFO  [main] [Configuration.java:759] HHH000221: Reading mappings from resource: mapping/Data.hbm.xml
2017-06-02 11:33:21,931 INFO  [main] [Configuration.java:759] HHH000221: Reading mappings from resource: mapping/Sensor.hbm.xml
2017-06-02 11:33:21,952 INFO  [main] [Configuration.java:759] HHH000221: Reading mappings from resource: mapping/Platform.hbm.xml
2017-06-02 11:33:21,966 INFO  [main] [Configuration.java:759] HHH000221: Reading mappings from resource: mapping/Device.hbm.xml
2017-06-02 11:33:21,977 INFO  [main] [Configuration.java:759] HHH000221: Reading mappings from resource: mapping/DataView.hbm.xml
2017-06-02 11:33:21,988 INFO  [main] [Configuration.java:2216] HHH000041: Configured SessionFactory: null
2017-06-02 11:33:22,140 INFO  [main] [C3P0ConnectionProvider.java:134] HHH010002: C3P0 using driver: org.postgresql.Driver at URL: jdbc:postgresql://wspace1.awi.de:5432/nearrealtime
2017-06-02 11:33:22,142 INFO  [main] [C3P0ConnectionProvider.java:135] HHH000046: Connection properties: {user=nrtread, password=****}
2017-06-02 11:33:22,142 INFO  [main] [C3P0ConnectionProvider.java:138] HHH000006: Autocommit mode: false
2017-06-02 11:33:22,186 INFO  [MLog-Init-Reporter] [Slf4jMLog.java:212] MLog clients using slf4j logging.
2017-06-02 11:33:22,572 INFO  [main] [Slf4jMLog.java:212] Initializing c3p0-0.9.5.2 [built 08-December-2015 22:06:04 -0800; debug? true; trace: 10]
2017-06-02 11:33:22,677 INFO  [main] [Slf4jMLog.java:212] Initializing c3p0 pool... com.mchange.v2.c3p0.PoolBackedDataSource@26f7013e [ connectionPoolDataSource -> com.mchange.v2.c3p0.WrapperConnectionPoolDataSource@1629add8 [ acquireIncrement -> 3, acquireRetryAttempts -> 30, acquireRetryDelay -> 1000, autoCommitOnClose -> false, automaticTestTable -> null, breakAfterAcquireFailure -> false, checkoutTimeout -> 0, connectionCustomizerClassName -> null, connectionTesterClassName -> com.mchange.v2.c3p0.impl.DefaultConnectionTester, contextClassLoaderSource -> caller, debugUnreturnedConnectionStackTraces -> false, factoryClassLocation -> null, forceIgnoreUnresolvedTransactions -> false, forceSynchronousCheckins -> false, identityToken -> 1bq25tt9oswchiz153upa6|eea0b48, idleConnectionTestPeriod -> 3000, initialPoolSize -> 5, maxAdministrativeTaskTime -> 0, maxConnectionAge -> 0, maxIdleTime -> 300, maxIdleTimeExcessConnections -> 0, maxPoolSize -> 20, maxStatements -> 50, maxStatementsPerConnection -> 0, minPoolSize -> 5, nestedDataSource -> com.mchange.v2.c3p0.DriverManagerDataSource@195c3f76 [ description -> null, driverClass -> null, factoryClassLocation -> null, forceUseNamedDriverClass -> false, identityToken -> 1bq25tt9oswchiz153upa6|4d071e4b, jdbcUrl -> jdbc:postgresql://wspace1.awi.de:5432/nearrealtime, properties -> {user=******, password=******} ], preferredTestQuery -> null, privilegeSpawnedThreads -> false, propertyCycle -> 0, statementCacheNumDeferredCloseThreads -> 0, testConnectionOnCheckin -> false, testConnectionOnCheckout -> false, unreturnedConnectionTimeout -> 0, usesTraditionalReflectiveProxies -> false; userOverrides: {} ], dataSourceName -> null, extensions -> {}, factoryClassLocation -> null, identityToken -> 1bq25tt9oswchiz153upa6|2fd05b15, numHelperThreads -> 3 ]
